2013-02-08 17:04:43 Error: [MissingActionException] Action SignupsController::index() could not be found.
#0 /srv/http/cake/lib/Cake/Routing/Dispatcher.php(103): Controller->invokeAction(Object(CakeRequest))
#1 /srv/http/cake/lib/Cake/Routing/Dispatcher.php(85): Dispatcher->_invoke(Object(SignupsController), Object(CakeRequest), Object(CakeResponse))
#2 /srv/http/cake/app/webroot/index.php(98): Dispatcher->dispatch(Object(CakeRequest), Object(CakeResponse))
#3 {main}
2013-02-08 17:04:47 Error: [MissingControllerException] Controller class SignupController could not be found.
#0 /srv/http/cake/app/webroot/index.php(98): Dispatcher->dispatch(Object(CakeRequest), Object(CakeResponse))
#1 {main}
2013-02-08 17:05:03 Error: [MissingActionException] Action SignupsController::index() could not be found.
#0 /srv/http/cake/lib/Cake/Routing/Dispatcher.php(103): Controller->invokeAction(Object(CakeRequest))
#1 /srv/http/cake/lib/Cake/Routing/Dispatcher.php(85): Dispatcher->_invoke(Object(SignupsController), Object(CakeRequest), Object(CakeResponse))
#2 /srv/http/cake/app/webroot/index.php(98): Dispatcher->dispatch(Object(CakeRequest), Object(CakeResponse))
#3 {main}
2013-02-08 17:09:08 Error: [MissingTableException] Table original_posters for model OriginalPoster was not found in datasource default.
#0 /srv/http/cake/lib/Cake/Model/Model.php(3380): Model->setSource('original_poster...')
#1 /srv/http/cake/lib/Cake/Model/Datasource/DboSource.php(1043): Model->getDataSource()
#2 /srv/http/cake/lib/Cake/Model/Model.php(2635): DboSource->read(Object(Thread), Array)
#3 /srv/http/cake/lib/Cake/Controller/Component/PaginatorComponent.php(172): Model->find('all', Array)
#4 /srv/http/cake/lib/Cake/Controller/Controller.php(1087): PaginatorComponent->paginate(NULL, Array, Array)
#5 /srv/http/cake/app/Controller/ThreadsController.php(18): Controller->paginate()
#6 [internal function]: ThreadsController->index()
#7 /srv/http/cake/lib/Cake/Controller/Controller.php(488): ReflectionMethod->invokeArgs(Object(ThreadsController), Array)
#8 /srv/http/cake/lib/Cake/Routing/Dispatcher.php(103): Controller->invokeAction(Object(CakeRequest))
#9 /srv/http/cake/lib/Cake/Routing/Dispatcher.php(85): Dispatcher->_invoke(Object(ThreadsController), Object(CakeRequest), Object(CakeResponse))
#10 /srv/http/cake/app/webroot/index.php(98): Dispatcher->dispatch(Object(CakeRequest), Object(CakeResponse))
#11 {main}
2013-02-08 17:09:10 Error: [MissingTableException] Table original_posters for model OriginalPoster was not found in datasource default.
#0 /srv/http/cake/lib/Cake/Model/Model.php(3380): Model->setSource('original_poster...')
#1 /srv/http/cake/lib/Cake/Model/Datasource/DboSource.php(1043): Model->getDataSource()
#2 /srv/http/cake/lib/Cake/Model/Model.php(2635): DboSource->read(Object(Thread), Array)
#3 /srv/http/cake/lib/Cake/Controller/Component/PaginatorComponent.php(172): Model->find('all', Array)
#4 /srv/http/cake/lib/Cake/Controller/Controller.php(1087): PaginatorComponent->paginate(NULL, Array, Array)
#5 /srv/http/cake/app/Controller/ThreadsController.php(18): Controller->paginate()
#6 [internal function]: ThreadsController->index()
#7 /srv/http/cake/lib/Cake/Controller/Controller.php(488): ReflectionMethod->invokeArgs(Object(ThreadsController), Array)
#8 /srv/http/cake/lib/Cake/Routing/Dispatcher.php(103): Controller->invokeAction(Object(CakeRequest))
#9 /srv/http/cake/lib/Cake/Routing/Dispatcher.php(85): Dispatcher->_invoke(Object(ThreadsController), Object(CakeRequest), Object(CakeResponse))
#10 /srv/http/cake/app/webroot/index.php(98): Dispatcher->dispatch(Object(CakeRequest), Object(CakeResponse))
#11 {main}
2013-02-08 17:09:40 Error: [MissingControllerException] Controller class MatchController could not be found.
#0 /srv/http/cake/app/webroot/index.php(98): Dispatcher->dispatch(Object(CakeRequest), Object(CakeResponse))
#1 {main}
2013-02-08 17:09:43 Error: [MissingTableException] Table player1s for model Player1 was not found in datasource default.
#0 /srv/http/cake/lib/Cake/Model/Model.php(3380): Model->setSource('player1s')
#1 /srv/http/cake/lib/Cake/Model/Datasource/DboSource.php(1043): Model->getDataSource()
#2 /srv/http/cake/lib/Cake/Model/Model.php(2635): DboSource->read(Object(Match), Array)
#3 /srv/http/cake/lib/Cake/Controller/Component/PaginatorComponent.php(172): Model->find('all', Array)
#4 /srv/http/cake/lib/Cake/Controller/Controller.php(1087): PaginatorComponent->paginate(NULL, Array, Array)
#5 /srv/http/cake/app/Controller/MatchesController.php(18): Controller->paginate()
#6 [internal function]: MatchesController->index()
#7 /srv/http/cake/lib/Cake/Controller/Controller.php(488): ReflectionMethod->invokeArgs(Object(MatchesController), Array)
#8 /srv/http/cake/lib/Cake/Routing/Dispatcher.php(103): Controller->invokeAction(Object(CakeRequest))
#9 /srv/http/cake/lib/Cake/Routing/Dispatcher.php(85): Dispatcher->_invoke(Object(MatchesController), Object(CakeRequest), Object(CakeResponse))
#10 /srv/http/cake/app/webroot/index.php(98): Dispatcher->dispatch(Object(CakeRequest), Object(CakeResponse))
#11 {main}
2013-02-08 17:14:03 Error: [MissingControllerException] Controller class UsertournamentsController could not be found.
#0 /srv/http/cake/app/webroot/index.php(98): Dispatcher->dispatch(Object(CakeRequest), Object(CakeResponse))
#1 {main}
2013-02-08 17:14:31 Error: [MissingControllerException] Controller class UserstournamentsController could not be found.
#0 /srv/http/cake/app/webroot/index.php(98): Dispatcher->dispatch(Object(CakeRequest), Object(CakeResponse))
#1 {main}
2013-02-08 17:24:02 Error: [NotFoundException] Invalid user
#0 [internal function]: UsersController->edit()
#1 /srv/http/cake/lib/Cake/Controller/Controller.php(488): ReflectionMethod->invokeArgs(Object(UsersController), Array)
#2 /srv/http/cake/lib/Cake/Routing/Dispatcher.php(103): Controller->invokeAction(Object(CakeRequest))
#3 /srv/http/cake/lib/Cake/Routing/Dispatcher.php(85): Dispatcher->_invoke(Object(UsersController), Object(CakeRequest), Object(CakeResponse))
#4 /srv/http/cake/app/webroot/index.php(98): Dispatcher->dispatch(Object(CakeRequest), Object(CakeResponse))
#5 {main}
2013-02-08 17:25:38 Error: [NotFoundException] Invalid user
#0 [internal function]: UsersController->view()
#1 /srv/http/cake/lib/Cake/Controller/Controller.php(488): ReflectionMethod->invokeArgs(Object(UsersController), Array)
#2 /srv/http/cake/lib/Cake/Routing/Dispatcher.php(103): Controller->invokeAction(Object(CakeRequest))
#3 /srv/http/cake/lib/Cake/Routing/Dispatcher.php(85): Dispatcher->_invoke(Object(UsersController), Object(CakeRequest), Object(CakeResponse))
#4 /srv/http/cake/app/webroot/index.php(98): Dispatcher->dispatch(Object(CakeRequest), Object(CakeResponse))
#5 {main}
2013-02-08 17:27:19 Error: [NotFoundException] Invalid user
#0 [internal function]: UsersController->view()
#1 /srv/http/cake/lib/Cake/Controller/Controller.php(488): ReflectionMethod->invokeArgs(Object(UsersController), Array)
#2 /srv/http/cake/lib/Cake/Routing/Dispatcher.php(103): Controller->invokeAction(Object(CakeRequest))
#3 /srv/http/cake/lib/Cake/Routing/Dispatcher.php(85): Dispatcher->_invoke(Object(UsersController), Object(CakeRequest), Object(CakeResponse))
#4 /srv/http/cake/app/webroot/index.php(98): Dispatcher->dispatch(Object(CakeRequest), Object(CakeResponse))
#5 {main}
2013-02-08 17:27:20 Error: [NotFoundException] Invalid user
#0 [internal function]: UsersController->view()
#1 /srv/http/cake/lib/Cake/Controller/Controller.php(488): ReflectionMethod->invokeArgs(Object(UsersController), Array)
#2 /srv/http/cake/lib/Cake/Routing/Dispatcher.php(103): Controller->invokeAction(Object(CakeRequest))
#3 /srv/http/cake/lib/Cake/Routing/Dispatcher.php(85): Dispatcher->_invoke(Object(UsersController), Object(CakeRequest), Object(CakeResponse))
#4 /srv/http/cake/app/webroot/index.php(98): Dispatcher->dispatch(Object(CakeRequest), Object(CakeResponse))
#5 {main}
2013-02-08 17:27:20 Error: [NotFoundException] Invalid user
#0 [internal function]: UsersController->view()
#1 /srv/http/cake/lib/Cake/Controller/Controller.php(488): ReflectionMethod->invokeArgs(Object(UsersController), Array)
#2 /srv/http/cake/lib/Cake/Routing/Dispatcher.php(103): Controller->invokeAction(Object(CakeRequest))
#3 /srv/http/cake/lib/Cake/Routing/Dispatcher.php(85): Dispatcher->_invoke(Object(UsersController), Object(CakeRequest), Object(CakeResponse))
#4 /srv/http/cake/app/webroot/index.php(98): Dispatcher->dispatch(Object(CakeRequest), Object(CakeResponse))
#5 {main}
2013-02-08 17:27:20 Error: [NotFoundException] Invalid user
#0 [internal function]: UsersController->view()
#1 /srv/http/cake/lib/Cake/Controller/Controller.php(488): ReflectionMethod->invokeArgs(Object(UsersController), Array)
#2 /srv/http/cake/lib/Cake/Routing/Dispatcher.php(103): Controller->invokeAction(Object(CakeRequest))
#3 /srv/http/cake/lib/Cake/Routing/Dispatcher.php(85): Dispatcher->_invoke(Object(UsersController), Object(CakeRequest), Object(CakeResponse))
#4 /srv/http/cake/app/webroot/index.php(98): Dispatcher->dispatch(Object(CakeRequest), Object(CakeResponse))
#5 {main}
2013-02-08 17:27:33 Error: [NotFoundException] Invalid user
#0 [internal function]: UsersController->view()
#1 /srv/http/cake/lib/Cake/Controller/Controller.php(488): ReflectionMethod->invokeArgs(Object(UsersController), Array)
#2 /srv/http/cake/lib/Cake/Routing/Dispatcher.php(103): Controller->invokeAction(Object(CakeRequest))
#3 /srv/http/cake/lib/Cake/Routing/Dispatcher.php(85): Dispatcher->_invoke(Object(UsersController), Object(CakeRequest), Object(CakeResponse))
#4 /srv/http/cake/app/webroot/index.php(98): Dispatcher->dispatch(Object(CakeRequest), Object(CakeResponse))
#5 {main}
2013-02-08 17:28:18 Error: [NotFoundException] Invalid user
#0 [internal function]: UsersController->view()
#1 /srv/http/cake/lib/Cake/Controller/Controller.php(488): ReflectionMethod->invokeArgs(Object(UsersController), Array)
#2 /srv/http/cake/lib/Cake/Routing/Dispatcher.php(103): Controller->invokeAction(Object(CakeRequest))
#3 /srv/http/cake/lib/Cake/Routing/Dispatcher.php(85): Dispatcher->_invoke(Object(UsersController), Object(CakeRequest), Object(CakeResponse))
#4 /srv/http/cake/app/webroot/index.php(98): Dispatcher->dispatch(Object(CakeRequest), Object(CakeResponse))
#5 {main}
2013-02-08 17:28:18 Error: [NotFoundException] Invalid user
#0 [internal function]: UsersController->view()
#1 /srv/http/cake/lib/Cake/Controller/Controller.php(488): ReflectionMethod->invokeArgs(Object(UsersController), Array)
#2 /srv/http/cake/lib/Cake/Routing/Dispatcher.php(103): Controller->invokeAction(Object(CakeRequest))
#3 /srv/http/cake/lib/Cake/Routing/Dispatcher.php(85): Dispatcher->_invoke(Object(UsersController), Object(CakeRequest), Object(CakeResponse))
#4 /srv/http/cake/app/webroot/index.php(98): Dispatcher->dispatch(Object(CakeRequest), Object(CakeResponse))
#5 {main}
2013-02-08 17:29:07 Error: [NotFoundException] Invalid user
#0 [internal function]: UsersController->edit()
#1 /srv/http/cake/lib/Cake/Controller/Controller.php(488): ReflectionMethod->invokeArgs(Object(UsersController), Array)
#2 /srv/http/cake/lib/Cake/Routing/Dispatcher.php(103): Controller->invokeAction(Object(CakeRequest))
#3 /srv/http/cake/lib/Cake/Routing/Dispatcher.php(85): Dispatcher->_invoke(Object(UsersController), Object(CakeRequest), Object(CakeResponse))
#4 /srv/http/cake/app/webroot/index.php(98): Dispatcher->dispatch(Object(CakeRequest), Object(CakeResponse))
#5 {main}
2013-02-08 17:29:18 Error: [NotFoundException] Invalid user
#0 [internal function]: UsersController->view()
#1 /srv/http/cake/lib/Cake/Controller/Controller.php(488): ReflectionMethod->invokeArgs(Object(UsersController), Array)
#2 /srv/http/cake/lib/Cake/Routing/Dispatcher.php(103): Controller->invokeAction(Object(CakeRequest))
#3 /srv/http/cake/lib/Cake/Routing/Dispatcher.php(85): Dispatcher->_invoke(Object(UsersController), Object(CakeRequest), Object(CakeResponse))
#4 /srv/http/cake/app/webroot/index.php(98): Dispatcher->dispatch(Object(CakeRequest), Object(CakeResponse))
#5 {main}
2013-02-08 17:30:32 Error: [MissingActionException] Action UsersController::Tournaments() could not be found.
#0 /srv/http/cake/lib/Cake/Routing/Dispatcher.php(103): Controller->invokeAction(Object(CakeRequest))
#1 /srv/http/cake/lib/Cake/Routing/Dispatcher.php(85): Dispatcher->_invoke(Object(UsersController), Object(CakeRequest), Object(CakeResponse))
#2 /srv/http/cake/app/webroot/index.php(98): Dispatcher->dispatch(Object(CakeRequest), Object(CakeResponse))
#3 {main}
2013-02-08 17:47:26 Error: [NotFoundException] Invalid thread
#0 [internal function]: ThreadsController->view()
#1 /srv/http/cake/lib/Cake/Controller/Controller.php(488): ReflectionMethod->invokeArgs(Object(ThreadsController), Array)
#2 /srv/http/cake/lib/Cake/Routing/Dispatcher.php(103): Controller->invokeAction(Object(CakeRequest))
#3 /srv/http/cake/lib/Cake/Routing/Dispatcher.php(85): Dispatcher->_invoke(Object(ThreadsController), Object(CakeRequest), Object(CakeResponse))
#4 /srv/http/cake/app/webroot/index.php(98): Dispatcher->dispatch(Object(CakeRequest), Object(CakeResponse))
#5 {main}
2013-02-08 17:53:03 Error: [MissingControllerException] Controller class ThreadController could not be found.
#0 /srv/http/cake/app/webroot/index.php(98): Dispatcher->dispatch(Object(CakeRequest), Object(CakeResponse))
#1 {main}
2013-02-10 20:57:05 Error: [PDOException] SQLSTATE[42S22]: Column not found: 1054 Unknown column 'conditions' in 'where clause'
#0 /srv/http/cake/lib/Cake/Model/Datasource/DboSource.php(436): PDOStatement->execute(Array)
#1 /srv/http/cake/lib/Cake/Model/Datasource/DboSource.php(403): DboSource->_execute('SELECT `Signup`...', Array)
#2 /srv/http/cake/lib/Cake/Model/Datasource/DboSource.php(646): DboSource->execute('SELECT `Signup`...', Array, Array)
#3 /srv/http/cake/lib/Cake/Model/Datasource/DboSource.php(1057): DboSource->fetchAll('SELECT `Signup`...', false)
#4 /srv/http/cake/lib/Cake/Model/Model.php(2635): DboSource->read(Object(Signup), Array)
#5 /srv/http/cake/lib/Cake/Controller/Component/PaginatorComponent.php(172): Model->find('all', Array)
#6 /srv/http/cake/lib/Cake/Controller/Controller.php(1087): PaginatorComponent->paginate(Array, Array, Array)
#7 /srv/http/cake/app/Controller/SignupsController.php(18): Controller->paginate(Array)
#8 [internal function]: SignupsController->index('1')
#9 /srv/http/cake/lib/Cake/Controller/Controller.php(488): ReflectionMethod->invokeArgs(Object(SignupsController), Array)
#10 /srv/http/cake/lib/Cake/Routing/Dispatcher.php(103): Controller->invokeAction(Object(CakeRequest))
#11 /srv/http/cake/lib/Cake/Routing/Dispatcher.php(85): Dispatcher->_invoke(Object(SignupsController), Object(CakeRequest), Object(CakeResponse))
#12 /srv/http/cake/app/webroot/index.php(98): Dispatcher->dispatch(Object(CakeRequest), Object(CakeResponse))
#13 {main}
2013-02-10 20:59:12 Error: [PDOException] SQLSTATE[42S22]: Column not found: 1054 Unknown column 'conditions' in 'where clause'
#0 /srv/http/cake/lib/Cake/Model/Datasource/DboSource.php(436): PDOStatement->execute(Array)
#1 /srv/http/cake/lib/Cake/Model/Datasource/DboSource.php(403): DboSource->_execute('SELECT `Signup`...', Array)
#2 /srv/http/cake/lib/Cake/Model/Datasource/DboSource.php(646): DboSource->execute('SELECT `Signup`...', Array, Array)
#3 /srv/http/cake/lib/Cake/Model/Datasource/DboSource.php(1057): DboSource->fetchAll('SELECT `Signup`...', false)
#4 /srv/http/cake/lib/Cake/Model/Model.php(2635): DboSource->read(Object(Signup), Array)
#5 /srv/http/cake/lib/Cake/Controller/Component/PaginatorComponent.php(172): Model->find('all', Array)
#6 /srv/http/cake/lib/Cake/Controller/Controller.php(1087): PaginatorComponent->paginate(Array, Array, Array)
#7 /srv/http/cake/app/Controller/SignupsController.php(18): Controller->paginate(Array)
#8 [internal function]: SignupsController->index('1')
#9 /srv/http/cake/lib/Cake/Controller/Controller.php(488): ReflectionMethod->invokeArgs(Object(SignupsController), Array)
#10 /srv/http/cake/lib/Cake/Routing/Dispatcher.php(103): Controller->invokeAction(Object(CakeRequest))
#11 /srv/http/cake/lib/Cake/Routing/Dispatcher.php(85): Dispatcher->_invoke(Object(SignupsController), Object(CakeRequest), Object(CakeResponse))
#12 /srv/http/cake/app/webroot/index.php(98): Dispatcher->dispatch(Object(CakeRequest), Object(CakeResponse))
#13 {main}
2013-02-10 21:57:15 Error: [NotFoundException] Invalid signup
#0 [internal function]: SignupsController->delete('9')
#1 /srv/http/cake/lib/Cake/Controller/Controller.php(488): ReflectionMethod->invokeArgs(Object(SignupsController), Array)
#2 /srv/http/cake/lib/Cake/Routing/Dispatcher.php(103): Controller->invokeAction(Object(CakeRequest))
#3 /srv/http/cake/lib/Cake/Routing/Dispatcher.php(85): Dispatcher->_invoke(Object(SignupsController), Object(CakeRequest), Object(CakeResponse))
#4 /srv/http/cake/app/webroot/index.php(98): Dispatcher->dispatch(Object(CakeRequest), Object(CakeResponse))
#5 {main}
2013-02-10 21:57:19 Error: [NotFoundException] Invalid signup
#0 [internal function]: SignupsController->delete('9')
#1 /srv/http/cake/lib/Cake/Controller/Controller.php(488): ReflectionMethod->invokeArgs(Object(SignupsController), Array)
#2 /srv/http/cake/lib/Cake/Routing/Dispatcher.php(103): Controller->invokeAction(Object(CakeRequest))
#3 /srv/http/cake/lib/Cake/Routing/Dispatcher.php(85): Dispatcher->_invoke(Object(SignupsController), Object(CakeRequest), Object(CakeResponse))
#4 /srv/http/cake/app/webroot/index.php(98): Dispatcher->dispatch(Object(CakeRequest), Object(CakeResponse))
#5 {main}
2013-02-25 17:03:35 Error: [MissingConnectionException] Database connection "Mysql" is missing, or could not be created.
#0 /var/www/cake/lib/Cake/Model/ConnectionManager.php(101): DboSource->__construct(Array)
#1 /var/www/cake/lib/Cake/Model/Model.php(3354): ConnectionManager::getDataSource('default')
#2 /var/www/cake/lib/Cake/Model/Model.php(1085): Model->setDataSource('default')
#3 /var/www/cake/lib/Cake/Model/Model.php(3380): Model->setSource('users')
#4 /var/www/cake/lib/Cake/Model/Model.php(1278): Model->getDataSource()
#5 /var/www/cake/lib/Cake/View/Helper/FormHelper.php(191): Model->schema()
#6 /var/www/cake/lib/Cake/View/Helper/FormHelper.php(444): FormHelper->_introspectModel('User', 'fields')
#7 /var/www/cake/app/View/Users/login.ctp(4): FormHelper->create('User')
#8 /var/www/cake/lib/Cake/View/View.php(908): include('/var/www/cake/a...')
#9 /var/www/cake/lib/Cake/View/View.php(872): View->_evaluate('/var/www/cake/a...', Array)
#10 /var/www/cake/lib/Cake/View/View.php(463): View->_render('/var/www/cake/a...')
#11 /var/www/cake/lib/Cake/Controller/Controller.php(962): View->render(NULL, NULL)
#12 /var/www/cake/lib/Cake/Routing/Dispatcher.php(110): Controller->render()
#13 /var/www/cake/lib/Cake/Routing/Dispatcher.php(85): Dispatcher->_invoke(Object(UsersController), Object(CakeRequest), Object(CakeResponse))
#14 /var/www/cake/app/webroot/index.php(98): Dispatcher->dispatch(Object(CakeRequest), Object(CakeResponse))
#15 {main}
2013-02-25 17:12:09 Error: [MissingConnectionException] Database connection "Mysql" is missing, or could not be created.
#0 /var/www/cake/lib/Cake/Model/ConnectionManager.php(101): DboSource->__construct(Array)
#1 /var/www/cake/lib/Cake/Model/Model.php(3354): ConnectionManager::getDataSource('default')
#2 /var/www/cake/lib/Cake/Model/Model.php(1085): Model->setDataSource('default')
#3 /var/www/cake/lib/Cake/Model/Model.php(3380): Model->setSource('users')
#4 /var/www/cake/lib/Cake/Model/Model.php(1278): Model->getDataSource()
#5 /var/www/cake/lib/Cake/View/Helper/FormHelper.php(191): Model->schema()
#6 /var/www/cake/lib/Cake/View/Helper/FormHelper.php(444): FormHelper->_introspectModel('User', 'fields')
#7 /var/www/cake/app/View/Users/login.ctp(4): FormHelper->create('User')
#8 /var/www/cake/lib/Cake/View/View.php(908): include('/var/www/cake/a...')
#9 /var/www/cake/lib/Cake/View/View.php(872): View->_evaluate('/var/www/cake/a...', Array)
#10 /var/www/cake/lib/Cake/View/View.php(463): View->_render('/var/www/cake/a...')
#11 /var/www/cake/lib/Cake/Controller/Controller.php(962): View->render(NULL, NULL)
#12 /var/www/cake/lib/Cake/Routing/Dispatcher.php(110): Controller->render()
#13 /var/www/cake/lib/Cake/Routing/Dispatcher.php(85): Dispatcher->_invoke(Object(UsersController), Object(CakeRequest), Object(CakeResponse))
#14 /var/www/cake/app/webroot/index.php(98): Dispatcher->dispatch(Object(CakeRequest), Object(CakeResponse))
#15 {main}
2013-02-25 17:48:57 Error: [MissingControllerException] Controller class LoginController could not be found.
#0 /var/www/cake/app/webroot/index.php(98): Dispatcher->dispatch(Object(CakeRequest), Object(CakeResponse))
#1 {main}
2013-02-25 19:14:22 Error: [MissingActionException] Action ThreadsController::logout() could not be found.
#0 /var/www/cake/lib/Cake/Routing/Dispatcher.php(103): Controller->invokeAction(Object(CakeRequest))
#1 /var/www/cake/lib/Cake/Routing/Dispatcher.php(85): Dispatcher->_invoke(Object(ThreadsController), Object(CakeRequest), Object(CakeResponse))
#2 /var/www/cake/app/webroot/index.php(98): Dispatcher->dispatch(Object(CakeRequest), Object(CakeResponse))
#3 {main}
2013-02-25 20:11:37 Error: [MissingActionException] Action ThreadsController::logout() could not be found.
#0 /var/www/cake/lib/Cake/Routing/Dispatcher.php(103): Controller->invokeAction(Object(CakeRequest))
#1 /var/www/cake/lib/Cake/Routing/Dispatcher.php(85): Dispatcher->_invoke(Object(ThreadsController), Object(CakeRequest), Object(CakeResponse))
#2 /var/www/cake/app/webroot/index.php(98): Dispatcher->dispatch(Object(CakeRequest), Object(CakeResponse))
#3 {main}
2013-02-26 13:57:34 Error: [MissingActionException] Action ThreadsController::logout() could not be found.
#0 /var/www/cake/lib/Cake/Routing/Dispatcher.php(103): Controller->invokeAction(Object(CakeRequest))
#1 /var/www/cake/lib/Cake/Routing/Dispatcher.php(85): Dispatcher->_invoke(Object(ThreadsController), Object(CakeRequest), Object(CakeResponse))
#2 /var/www/cake/app/webroot/index.php(98): Dispatcher->dispatch(Object(CakeRequest), Object(CakeResponse))
#3 {main}
2013-02-26 16:01:48 Error: [PDOException] SQLSTATE[23000]: Integrity constraint violation: 1062 Duplicate entry 'test1@test.de' for key 'email'
#0 /var/www/cake/lib/Cake/Model/Datasource/DboSource.php(436): PDOStatement->execute(Array)
#1 /var/www/cake/lib/Cake/Model/Datasource/DboSource.php(403): DboSource->_execute('INSERT INTO `ca...', Array)
#2 /var/www/cake/lib/Cake/Model/Datasource/DboSource.php(984): DboSource->execute('INSERT INTO `ca...')
#3 /var/www/cake/lib/Cake/Model/Model.php(1705): DboSource->create(Object(User), Array, Array)
#4 /var/www/cake/app/Controller/UsersController.php(99): Model->save(Array)
#5 [internal function]: UsersController->add()
#6 /var/www/cake/lib/Cake/Controller/Controller.php(488): ReflectionMethod->invokeArgs(Object(UsersController), Array)
#7 /var/www/cake/lib/Cake/Routing/Dispatcher.php(103): Controller->invokeAction(Object(CakeRequest))
#8 /var/www/cake/lib/Cake/Routing/Dispatcher.php(85): Dispatcher->_invoke(Object(UsersController), Object(CakeRequest), Object(CakeResponse))
#9 /var/www/cake/app/webroot/index.php(98): Dispatcher->dispatch(Object(CakeRequest), Object(CakeResponse))
#10 {main}
2013-02-26 17:04:26 Error: [MissingActionException] Action ThreadsController::logout() could not be found.
#0 /var/www/cake/lib/Cake/Routing/Dispatcher.php(103): Controller->invokeAction(Object(CakeRequest))
#1 /var/www/cake/lib/Cake/Routing/Dispatcher.php(85): Dispatcher->_invoke(Object(ThreadsController), Object(CakeRequest), Object(CakeResponse))
#2 /var/www/cake/app/webroot/index.php(98): Dispatcher->dispatch(Object(CakeRequest), Object(CakeResponse))
#3 {main}
2013-03-04 08:07:43 Error: [MissingActionException] Action SignupsController::1() could not be found.
#0 /srv/http/cake/lib/Cake/Routing/Dispatcher.php(103): Controller->invokeAction(Object(CakeRequest))
#1 /srv/http/cake/lib/Cake/Routing/Dispatcher.php(85): Dispatcher->_invoke(Object(SignupsController), Object(CakeRequest), Object(CakeResponse))
#2 /srv/http/cake/app/webroot/index.php(98): Dispatcher->dispatch(Object(CakeRequest), Object(CakeResponse))
#3 {main}
2013-03-05 08:14:45 Error: [MissingControllerException] Controller class UserstournamentController could not be found.
#0 /srv/http/cake/app/webroot/index.php(98): Dispatcher->dispatch(Object(CakeRequest), Object(CakeResponse))
#1 {main}
2013-03-05 08:14:52 Error: [MissingControllerException] Controller class UserstournamentsController could not be found.
#0 /srv/http/cake/app/webroot/index.php(98): Dispatcher->dispatch(Object(CakeRequest), Object(CakeResponse))
#1 {main}
2013-03-08 07:18:05 Error: [PDOException] SQLSTATE[42S22]: Column not found: 1054 Unknown column 'Signup.’id’' in 'field list'
#0 /srv/http/cake/lib/Cake/Model/Datasource/DboSource.php(436): PDOStatement->execute(Array)
#1 /srv/http/cake/lib/Cake/Model/Datasource/DboSource.php(403): DboSource->_execute('SELECT `Signup`...', Array)
#2 /srv/http/cake/lib/Cake/Model/Datasource/DboSource.php(646): DboSource->execute('SELECT `Signup`...', Array, Array)
#3 /srv/http/cake/lib/Cake/Model/Datasource/DboSource.php(1057): DboSource->fetchAll('SELECT `Signup`...', false)
#4 /srv/http/cake/lib/Cake/Model/Model.php(2635): DboSource->read(Object(Signup), Array)
#5 /srv/http/cake/lib/Cake/Model/Model.php(1518): Model->find('first', Array)
#6 /srv/http/cake/app/Model/Signup.php(13): Model->field('???id???', Array)
#7 /srv/http/cake/app/Controller/SignupsController.php(25): Signup->isOwnedBy('42', '2')
#8 /srv/http/cake/lib/Cake/Controller/Component/Auth/ControllerAuthorize.php(64): SignupsController->isAuthorized(Array)
#9 /srv/http/cake/lib/Cake/Controller/Component/AuthComponent.php(379): ControllerAuthorize->authorize(Array, Object(CakeRequest))
#10 /srv/http/cake/lib/Cake/Controller/Component/AuthComponent.php(330): AuthComponent->isAuthorized(Array)
#11 [internal function]: AuthComponent->startup(Object(SignupsController))
#12 /srv/http/cake/lib/Cake/Utility/ObjectCollection.php(130): call_user_func_array(Array, Array)
#13 [internal function]: ObjectCollection->trigger(Object(CakeEvent))
#14 /srv/http/cake/lib/Cake/Event/CakeEventManager.php(246): call_user_func(Array, Object(CakeEvent))
#15 /srv/http/cake/lib/Cake/Controller/Controller.php(674): CakeEventManager->dispatch(Object(CakeEvent))
#16 /srv/http/cake/lib/Cake/Routing/Dispatcher.php(100): Controller->startupProcess()
#17 /srv/http/cake/lib/Cake/Routing/Dispatcher.php(85): Dispatcher->_invoke(Object(SignupsController), Object(CakeRequest), Object(CakeResponse))
#18 /srv/http/cake/app/webroot/index.php(98): Dispatcher->dispatch(Object(CakeRequest), Object(CakeResponse))
#19 {main}
2013-03-08 07:19:31 Error: [PDOException] SQLSTATE[42S22]: Column not found: 1054 Unknown column 'Signup.’id’' in 'field list'
#0 /srv/http/cake/lib/Cake/Model/Datasource/DboSource.php(436): PDOStatement->execute(Array)
#1 /srv/http/cake/lib/Cake/Model/Datasource/DboSource.php(403): DboSource->_execute('SELECT `Signup`...', Array)
#2 /srv/http/cake/lib/Cake/Model/Datasource/DboSource.php(646): DboSource->execute('SELECT `Signup`...', Array, Array)
#3 /srv/http/cake/lib/Cake/Model/Datasource/DboSource.php(1057): DboSource->fetchAll('SELECT `Signup`...', false)
#4 /srv/http/cake/lib/Cake/Model/Model.php(2635): DboSource->read(Object(Signup), Array)
#5 /srv/http/cake/lib/Cake/Model/Model.php(1518): Model->find('first', Array)
#6 /srv/http/cake/app/Model/Signup.php(13): Model->field('???id???', Array)
#7 /srv/http/cake/app/Controller/SignupsController.php(25): Signup->isOwnedBy('42', '2')
#8 /srv/http/cake/lib/Cake/Controller/Component/Auth/ControllerAuthorize.php(64): SignupsController->isAuthorized(Array)
#9 /srv/http/cake/lib/Cake/Controller/Component/AuthComponent.php(379): ControllerAuthorize->authorize(Array, Object(CakeRequest))
#10 /srv/http/cake/lib/Cake/Controller/Component/AuthComponent.php(330): AuthComponent->isAuthorized(Array)
#11 [internal function]: AuthComponent->startup(Object(SignupsController))
#12 /srv/http/cake/lib/Cake/Utility/ObjectCollection.php(130): call_user_func_array(Array, Array)
#13 [internal function]: ObjectCollection->trigger(Object(CakeEvent))
#14 /srv/http/cake/lib/Cake/Event/CakeEventManager.php(246): call_user_func(Array, Object(CakeEvent))
#15 /srv/http/cake/lib/Cake/Controller/Controller.php(674): CakeEventManager->dispatch(Object(CakeEvent))
#16 /srv/http/cake/lib/Cake/Routing/Dispatcher.php(100): Controller->startupProcess()
#17 /srv/http/cake/lib/Cake/Routing/Dispatcher.php(85): Dispatcher->_invoke(Object(SignupsController), Object(CakeRequest), Object(CakeResponse))
#18 /srv/http/cake/app/webroot/index.php(98): Dispatcher->dispatch(Object(CakeRequest), Object(CakeResponse))
#19 {main}
2013-03-08 07:26:31 Error: [PDOException] SQLSTATE[42S22]: Column not found: 1054 Unknown column 'tournament_id' in 'where clause'
#0 /srv/http/cake/lib/Cake/Model/Datasource/DboSource.php(436): PDOStatement->execute(Array)
#1 /srv/http/cake/lib/Cake/Model/Datasource/DboSource.php(403): DboSource->_execute('SELECT `User`.`...', Array)
#2 /srv/http/cake/lib/Cake/Model/Datasource/DboSource.php(646): DboSource->execute('SELECT `User`.`...', Array, Array)
#3 /srv/http/cake/lib/Cake/Model/Datasource/DboSource.php(1057): DboSource->fetchAll('SELECT `User`.`...', false)
#4 /srv/http/cake/lib/Cake/Model/Model.php(2635): DboSource->read(Object(User), Array)
#5 /srv/http/cake/lib/Cake/Controller/Component/PaginatorComponent.php(172): Model->find('all', Array)
#6 /srv/http/cake/lib/Cake/Controller/Controller.php(1087): PaginatorComponent->paginate(Array, Array, Array)
#7 /srv/http/cake/app/Controller/SignupsController.php(36): Controller->paginate(Array)
#8 [internal function]: SignupsController->index('1')
#9 /srv/http/cake/lib/Cake/Controller/Controller.php(488): ReflectionMethod->invokeArgs(Object(SignupsController), Array)
#10 /srv/http/cake/lib/Cake/Routing/Dispatcher.php(103): Controller->invokeAction(Object(CakeRequest))
#11 /srv/http/cake/lib/Cake/Routing/Dispatcher.php(85): Dispatcher->_invoke(Object(SignupsController), Object(CakeRequest), Object(CakeResponse))
#12 /srv/http/cake/app/webroot/index.php(98): Dispatcher->dispatch(Object(CakeRequest), Object(CakeResponse))
#13 {main}
2013-03-08 08:16:02 Error: [MissingTableException] Table k_o_tournaments for model KOTournament was not found in datasource default.
#0 /srv/http/cake/lib/Cake/Model/Model.php(3380): Model->setSource('k_o_tournaments')
#1 /srv/http/cake/lib/Cake/Model/Model.php(2635): Model->getDataSource()
#2 /srv/http/cake/lib/Cake/Model/Model.php(1491): Model->find('first', Array)
#3 /srv/http/cake/app/Controller/KOTournamentsController.php(80): Model->read(NULL, '1')
#4 [internal function]: KOTournamentsController->start_random('1')
#5 /srv/http/cake/lib/Cake/Controller/Controller.php(488): ReflectionMethod->invokeArgs(Object(KOTournamentsController), Array)
#6 /srv/http/cake/lib/Cake/Routing/Dispatcher.php(103): Controller->invokeAction(Object(CakeRequest))
#7 /srv/http/cake/lib/Cake/Routing/Dispatcher.php(85): Dispatcher->_invoke(Object(KOTournamentsController), Object(CakeRequest), Object(CakeResponse))
#8 /srv/http/cake/app/webroot/index.php(98): Dispatcher->dispatch(Object(CakeRequest), Object(CakeResponse))
#9 {main}
2013-03-13 20:07:16 Error: [MissingViewException] View file "/srv/http/cake/app/View/Matches/upload_replays.ctp" is missing.
#0 /srv/http/cake/lib/Cake/View/View.php(460): View->_getViewFileName(NULL)
#1 /srv/http/cake/lib/Cake/Controller/Controller.php(962): View->render(NULL, NULL)
#2 /srv/http/cake/lib/Cake/Routing/Dispatcher.php(110): Controller->render()
#3 /srv/http/cake/lib/Cake/Routing/Dispatcher.php(85): Dispatcher->_invoke(Object(MatchesController), Object(CakeRequest), Object(CakeResponse))
#4 /srv/http/cake/app/webroot/index.php(98): Dispatcher->dispatch(Object(CakeRequest), Object(CakeResponse))
#5 {main}
2013-03-13 23:41:13 Error: [MissingTableException] Table k_o_tournaments_controllers for model KOTournamentsController was not found in datasource default.
#0 /srv/http/cake/lib/Cake/Model/Model.php(3380): Model->setSource('k_o_tournaments...')
#1 /srv/http/cake/lib/Cake/Model/Model.php(2635): Model->getDataSource()
#2 /srv/http/cake/lib/Cake/Controller/Component/PaginatorComponent.php(172): Model->find('all', Array)
#3 /srv/http/cake/lib/Cake/Controller/Controller.php(1087): PaginatorComponent->paginate(NULL, Array, Array)
#4 /srv/http/cake/app/Controller/TournamentsController.php(110): Controller->paginate()
#5 [internal function]: TournamentsController->index()
#6 /srv/http/cake/lib/Cake/Controller/Controller.php(488): ReflectionMethod->invokeArgs(Object(TournamentsController), Array)
#7 /srv/http/cake/lib/Cake/Routing/Dispatcher.php(103): Controller->invokeAction(Object(CakeRequest))
#8 /srv/http/cake/lib/Cake/Routing/Dispatcher.php(85): Dispatcher->_invoke(Object(TournamentsController), Object(CakeRequest), Object(CakeResponse))
#9 /srv/http/cake/app/webroot/index.php(98): Dispatcher->dispatch(Object(CakeRequest), Object(CakeResponse))
#10 {main}
2013-03-13 23:41:23 Error: [MissingTableException] Table k_o_tournaments_controllers for model KOTournamentsController was not found in datasource default.
#0 /srv/http/cake/lib/Cake/Model/Model.php(3380): Model->setSource('k_o_tournaments...')
#1 /srv/http/cake/lib/Cake/Model/Model.php(2635): Model->getDataSource()
#2 /srv/http/cake/lib/Cake/Controller/Component/PaginatorComponent.php(172): Model->find('all', Array)
#3 /srv/http/cake/lib/Cake/Controller/Controller.php(1087): PaginatorComponent->paginate(NULL, Array, Array)
#4 /srv/http/cake/app/Controller/TournamentsController.php(110): Controller->paginate()
#5 [internal function]: TournamentsController->index()
#6 /srv/http/cake/lib/Cake/Controller/Controller.php(488): ReflectionMethod->invokeArgs(Object(TournamentsController), Array)
#7 /srv/http/cake/lib/Cake/Routing/Dispatcher.php(103): Controller->invokeAction(Object(CakeRequest))
#8 /srv/http/cake/lib/Cake/Routing/Dispatcher.php(85): Dispatcher->_invoke(Object(TournamentsController), Object(CakeRequest), Object(CakeResponse))
#9 /srv/http/cake/app/webroot/index.php(98): Dispatcher->dispatch(Object(CakeRequest), Object(CakeResponse))
#10 {main}
